<?xml version="1.0" encoding="UTF-8"?>
<!-- Generated by org.testng.reporters.JUnitXMLReporter -->
<testsuite hostname="Leadit" name="Default test" tests="3" failures="0" timestamp="17 Sep 2018 07:02:41 GMT" time="46.021" errors="0">
  <testcase name="readDataFoRegistration" time="2.695" classname="com.DataDriven.Test.DataProviderDemo"/>
  <testcase name="readDataFoRegistration" time="1.943" classname="com.DataDriven.Test.DataProviderDemo"/>
  <testcase name="readDataFoRegistration" time="2.278" classname="com.DataDriven.Test.DataProviderDemo"/>
</testsuite> <!-- Default test -->
