<?xml version="1.0" encoding="UTF-8"?>
<testng-results skipped="0" failed="0" total="1" passed="1">
  <reporter-output>
  </reporter-output>
  <suite name="Default suite" duration-ms="4699" started-at="2018-08-16T09:58:20Z" finished-at="2018-08-16T09:58:24Z">
    <groups>
    </groups>
    <test name="Default test" duration-ms="4699" started-at="2018-08-16T09:58:20Z" finished-at="2018-08-16T09:58:24Z">
      <class name="com.qa.tests.GetAPITest">
        <test-method status="PASS" signature="setUP()[pri:0, instance:com.qa.tests.GetAPITest@6ea12c19]" name="setUP" is-config="true" duration-ms="16" started-at="2018-08-16T15:28:20Z" finished-at="2018-08-16T15:28:20Z">
          <reporter-output>
          </reporter-output>
        </test-method> <!-- setUP -->
        <test-method status="PASS" signature="getApiTest()[pri:0, instance:com.qa.tests.GetAPITest@6ea12c19]" name="getApiTest" duration-ms="4643" started-at="2018-08-16T15:28:20Z" finished-at="2018-08-16T15:28:24Z">
          <reporter-output>
          </reporter-output>
        </test-method> <!-- getApiTest -->
      </class> <!-- com.qa.tests.GetAPITest -->
    </test> <!-- Default test -->
  </suite> <!-- Default suite -->
</testng-results>
