<?xml version="1.0" encoding="UTF-8"?>
<testng-results skipped="0" failed="0" total="1" passed="1">
  <reporter-output>
  </reporter-output>
  <suite name="Default suite" duration-ms="24200" started-at="2018-09-24T12:21:06Z" finished-at="2018-09-24T12:21:30Z">
    <groups>
    </groups>
    <test name="Default test" duration-ms="24200" started-at="2018-09-24T12:21:06Z" finished-at="2018-09-24T12:21:30Z">
      <class name="com.DataDriven.Test.WatsAppData">
        <test-method status="PASS" signature="watsappAutomate()[pri:0, instance:com.DataDriven.Test.WatsAppData@7c16905e]" name="watsappAutomate" duration-ms="24161" started-at="2018-09-24T17:51:06Z" finished-at="2018-09-24T17:51:30Z">
          <reporter-output>
          </reporter-output>
        </test-method> <!-- watsappAutomate -->
      </class> <!-- com.DataDriven.Test.WatsAppData -->
    </test> <!-- Default test -->
  </suite> <!-- Default suite -->
</testng-results>
